[0m13:06:09.164787 [debug] [MainThread]: Sending event: {'category': 'dbt', 'action': 'invocation', 'label': 'start', 'context': [<snowplow_tracker.self_describing_json.SelfDescribingJson object at 0x107581d30>, <snowplow_tracker.self_describing_json.SelfDescribingJson object at 0x1106dfb10>, <snowplow_tracker.self_describing_json.SelfDescribingJson object at 0x1106dfc50>]}


============================== 13:06:09.167045 | e582f7c5-cb83-4a3a-9d1d-80dddd38ad07 ==============================
[0m13:06:09.167045 [info ] [MainThread]: Running with dbt=1.9.4
[0m13:06:09.167334 [debug] [MainThread]: running dbt with arguments {'printer_width': '80', 'indirect_selection': 'eager', 'write_json': 'True', 'log_cache_events': 'False', 'partial_parse': 'True', 'cache_selected_only': 'False', 'profiles_dir': '/Users/nataliefiann/.dbt', 'version_check': 'True', 'warn_error': 'None', 'log_path': 'logs', 'debug': 'False', 'fail_fast': 'False', 'use_colors': 'True', 'use_experimental_parser': 'False', 'no_print': 'None', 'quiet': 'False', 'empty': 'None', 'log_format': 'default', 'introspect': 'True', 'warn_error_options': 'WarnErrorOptions(include=[], exclude=[])', 'invocation_command': 'dbt init my_bq_project', 'target_path': 'None', 'static_parser': 'True', 'send_anonymous_usage_stats': 'True'}
[0m13:06:09.176276 [debug] [MainThread]: Starter project path: /Users/nataliefiann/Documents/Github/docs.getdbt.com/website/dbt-env/lib/python3.13/site-packages/dbt/include/starter_project
[0m13:06:09.184668 [info ] [MainThread]: 
Your new dbt project "my_bq_project" was created!

For more information on how to configure the profiles.yml file,
please consult the dbt documentation here:

  https://docs.getdbt.com/docs/configure-your-profile

One more thing:

Need help? Don't hesitate to reach out to us via GitHub issues or on Slack:

  https://community.getdbt.com/

Happy modeling!

[0m13:06:09.184852 [info ] [MainThread]: Setting up your profile.
[0m13:07:19.860552 [info ] [MainThread]: Profile my_bq_project written to /Users/nataliefiann/.dbt/profiles.yml using target's profile_template.yml and your supplied values. Run 'dbt debug' to validate the connection.
[0m13:07:19.903730 [debug] [MainThread]: Resource report: {"command_name": "init", "command_success": true, "command_wall_clock_time": 70.77106, "process_in_blocks": "0", "process_kernel_time": 0.160835, "process_mem_max_rss": "197099520", "process_out_blocks": "0", "process_user_time": 0.881934}
[0m13:07:19.904462 [debug] [MainThread]: Command `dbt init` succeeded at 13:07:19.904328 after 70.77 seconds
[0m13:07:19.904926 [debug] [MainThread]: Sending event: {'category': 'dbt', 'action': 'invocation', 'label': 'end', 'context': [<snowplow_tracker.self_describing_json.SelfDescribingJson object at 0x1276fe650>, <snowplow_tracker.self_describing_json.SelfDescribingJson object at 0x11055e690>, <snowplow_tracker.self_describing_json.SelfDescribingJson object at 0x12774d8c0>]}
[0m13:07:19.905363 [debug] [MainThread]: Flushing usage events
[0m13:07:20.394416 [debug] [MainThread]: An error was encountered while trying to flush usage events
